<?xml version="1.0" encoding="UTF-8"?>
<!-- Generated by org.testng.reporters.JUnitXMLReporter -->
<testsuite ignored="0" hostname="LIE-5CG9343MH7" failures="0" tests="6" name="Test" time="18.638" errors="0" timestamp="2021-05-18T14:27:29 IST">
  <testcase classname="StepDefinitions.GitHub" name="check_the_chrome_browser_is_open" time="3.36"/>
  <testcase classname="StepDefinitions.GitHub" name="navigate_to_git_hub_home_page" time="1.193"/>
  <testcase classname="StepDefinitions.GitHub" name="validate_heading_text" time="10.354"/>
  <testcase classname="StepDefinitions.SchoolsHtml" name="check_the_firefox_browser_is_open" time="1.718"/>
  <testcase classname="StepDefinitions.SchoolsHtml" name="navigate_to_3schools_home_page" time="1.598"/>
  <testcase classname="StepDefinitions.SchoolsHtml" name="validate_title_text" time="0.139"/>
</testsuite> <!-- Test -->
