<?xml version="1.0" encoding="UTF-8"?>
<testng-results ignored="0" total="6" passed="6" failed="0" skipped="0">
  <reporter-output>
  </reporter-output>
  <suite started-at="2021-05-18T14:27:11 IST" name="Suite" finished-at="2021-05-18T14:27:29 IST" duration-ms="18638">
    <groups>
    </groups>
    <test started-at="2021-05-18T14:27:11 IST" name="Test" finished-at="2021-05-18T14:27:29 IST" duration-ms="18638">
      <class name="StepDefinitions.SchoolsHtml">
        <test-method signature="check_the_firefox_browser_is_open()[pri:0, instance:StepDefinitions.SchoolsHtml@25fb8912]" started-at="2021-05-18T14:27:26 IST" name="check_the_firefox_browser_is_open" finished-at="2021-05-18T14:27:28 IST" duration-ms="1718" status="PASS">
          <reporter-output>
          </reporter-output>
        </test-method> <!-- check_the_firefox_browser_is_open -->
        <test-method signature="navigate_to_3schools_home_page()[pri:0, instance:StepDefinitions.SchoolsHtml@25fb8912]" started-at="2021-05-18T14:27:28 IST" name="navigate_to_3schools_home_page" finished-at="2021-05-18T14:27:29 IST" duration-ms="1598" status="PASS">
          <reporter-output>
          </reporter-output>
        </test-method> <!-- navigate_to_3schools_home_page -->
        <test-method signature="validate_title_text()[pri:0, instance:StepDefinitions.SchoolsHtml@25fb8912]" started-at="2021-05-18T14:27:29 IST" name="validate_title_text" finished-at="2021-05-18T14:27:29 IST" duration-ms="139" status="PASS">
          <reporter-output>
          </reporter-output>
        </test-method> <!-- validate_title_text -->
      </class> <!-- StepDefinitions.SchoolsHtml -->
      <class name="StepDefinitions.GitHub">
        <test-method signature="check_the_chrome_browser_is_open()[pri:0, instance:StepDefinitions.GitHub@5d7148e2]" started-at="2021-05-18T14:27:11 IST" name="check_the_chrome_browser_is_open" finished-at="2021-05-18T14:27:14 IST" duration-ms="3360" status="PASS">
          <reporter-output>
          </reporter-output>
        </test-method> <!-- check_the_chrome_browser_is_open -->
        <test-method signature="navigate_to_git_hub_home_page()[pri:0, instance:StepDefinitions.GitHub@5d7148e2]" started-at="2021-05-18T14:27:14 IST" name="navigate_to_git_hub_home_page" finished-at="2021-05-18T14:27:16 IST" duration-ms="1193" status="PASS">
          <reporter-output>
          </reporter-output>
        </test-method> <!-- navigate_to_git_hub_home_page -->
        <test-method signature="validate_heading_text()[pri:0, instance:StepDefinitions.GitHub@5d7148e2]" started-at="2021-05-18T14:27:16 IST" name="validate_heading_text" finished-at="2021-05-18T14:27:26 IST" duration-ms="10354" status="PASS">
          <reporter-output>
          </reporter-output>
        </test-method> <!-- validate_heading_text -->
      </class> <!-- StepDefinitions.GitHub -->
    </test> <!-- Test -->
  </suite> <!-- Suite -->
</testng-results>
